2021-04-23T03:05:00+00:00 CRITICAL Maximum execution time of 120 seconds exceeded in C:\xampp\htdocs\wordpress\wp-includes\functions.php on line 5371

2021-04-23T04:24:31+00:00 CRITICAL syntax error, unexpected identifier "a" in C:\xampp\htdocs\wordpress\wp-content\plugins\woocommerce\templates\content-product.php on line 20

2021-04-23T04:24:47+00:00 CRITICAL Unmatched '}' in C:\xampp\htdocs\wordpress\wp-content\plugins\woocommerce\templates\content-product.php on line 21

2021-04-23T04:24:55+00:00 CRITICAL Unmatched '}' in C:\xampp\htdocs\wordpress\wp-content\plugins\woocommerce\templates\content-product.php on line 21

2021-04-23T04:24:59+00:00 CRITICAL Unmatched '}' in C:\xampp\htdocs\wordpress\wp-content\plugins\woocommerce\templates\content-product.php on line 21

2021-04-23T04:27:52+00:00 CRITICAL syntax error, unexpected token "-", expecting "(" in C:\xampp\htdocs\wordpress\wp-content\plugins\woocommerce\templates\content-product.php on line 72

2021-04-23T04:30:41+00:00 CRITICAL Uncaught Error: Undefined constant "navbar" in C:\xampp\htdocs\wordpress\wp-content\plugins\woocommerce\templates\content-product.php:18
Stack trace:
#0 C:\xampp\htdocs\wordpress\wp-includes\template.php(732): require()
#1 C:\xampp\htdocs\wordpress\wp-content\plugins\woocommerce\includes\wc-core-functions.php(284): load_template('C:\\xampp\\htdocs...', false)
#2 C:\xampp\htdocs\wordpress\wp-content\plugins\woocommerce\includes\shortcodes\class-wc-shortcode-products.php(660): wc_get_template_part('content', 'product')
#3 C:\xampp\htdocs\wordpress\wp-content\plugins\woocommerce\includes\shortcodes\class-wc-shortcode-products.php(100): WC_Shortcode_Products->product_loop()
#4 C:\xampp\htdocs\wordpress\wp-content\plugins\woocommerce\includes\class-wc-template-loader.php(491): WC_Shortcode_Products->get_content()
#5 C:\xampp\htdocs\wordpress\wp-includes\class-wp-hook.php(292): WC_Template_Loader::unsupported_theme_shop_content_filter('')
#6 C:\xampp\htdocs\wordpress\wp-includes\plugin.php(212): WP_Hook->apply_filters('', Array)
#7 C:\xampp\htdocs\wordpress\wp-includes\post-template.php(253): apply_filters('the_content', '')
#8 C:\xampp\htdocs\wordpress\wp-content\themes\blank\template-parts\content-page.php(21): the_content()
#9 C:\xampp\htdocs\wordpress\wp-includes\template.php(732): require('C:\\xampp\\htdocs...')
#10 C:\xampp\htdocs\wordpress\wp-includes\template.php(676): load_template('C:\\xampp\\htdocs...', false, Array)
#11 C:\xampp\htdocs\wordpress\wp-includes\general-template.php(204): locate_template(Array, true, false, Array)
#12 C:\xampp\htdocs\wordpress\wp-content\themes\blank\page.php(24): get_template_part('template-parts/...', 'page')
#13 C:\xampp\htdocs\wordpress\wp-includes\template-loader.php(106): include('C:\\xampp\\htdocs...')
#14 C:\xampp\htdocs\wordpress\wp-blog-header.php(19): require_once('C:\\xampp\\htdocs...')
#15 C:\xampp\htdocs\wordpress\index.php(17): require('C:\\xampp\\htdocs...')
#16 {main}
  thrown in C:\xampp\htdocs\wordpress\wp-content\plugins\woocommerce\templates\content-product.php on line 18

2021-04-23T04:32:31+00:00 CRITICAL Uncaught Error: Call to undefined function get_navbar() in C:\xampp\htdocs\wordpress\wp-content\plugins\woocommerce\templates\content-product.php:70
Stack trace:
#0 C:\xampp\htdocs\wordpress\wp-includes\template.php(732): require()
#1 C:\xampp\htdocs\wordpress\wp-content\plugins\woocommerce\includes\wc-core-functions.php(284): load_template('C:\\xampp\\htdocs...', false)
#2 C:\xampp\htdocs\wordpress\wp-content\plugins\woocommerce\includes\shortcodes\class-wc-shortcode-products.php(660): wc_get_template_part('content', 'product')
#3 C:\xampp\htdocs\wordpress\wp-content\plugins\woocommerce\includes\shortcodes\class-wc-shortcode-products.php(100): WC_Shortcode_Products->product_loop()
#4 C:\xampp\htdocs\wordpress\wp-content\plugins\woocommerce\includes\class-wc-template-loader.php(491): WC_Shortcode_Products->get_content()
#5 C:\xampp\htdocs\wordpress\wp-includes\class-wp-hook.php(292): WC_Template_Loader::unsupported_theme_shop_content_filter('')
#6 C:\xampp\htdocs\wordpress\wp-includes\plugin.php(212): WP_Hook->apply_filters('', Array)
#7 C:\xampp\htdocs\wordpress\wp-includes\post-template.php(253): apply_filters('the_content', '')
#8 C:\xampp\htdocs\wordpress\wp-content\themes\blank\template-parts\content-page.php(21): the_content()
#9 C:\xampp\htdocs\wordpress\wp-includes\template.php(732): require('C:\\xampp\\htdocs...')
#10 C:\xampp\htdocs\wordpress\wp-includes\template.php(676): load_template('C:\\xampp\\htdocs...', false, Array)
#11 C:\xampp\htdocs\wordpress\wp-includes\general-template.php(204): locate_template(Array, true, false, Array)
#12 C:\xampp\htdocs\wordpress\wp-content\themes\blank\page.php(24): get_template_part('template-parts/...', 'page')
#13 C:\xampp\htdocs\wordpress\wp-includes\template-loader.php(106): include('C:\\xampp\\htdocs...')
#14 C:\xampp\htdocs\wordpress\wp-blog-header.php(19): require_once('C:\\xampp\\htdocs...')
#15 C:\xampp\htdocs\wordpress\index.php(17): require('C:\\xampp\\htdocs...')
#16 {main}
  thrown in C:\xampp\htdocs\wordpress\wp-content\plugins\woocommerce\templates\content-product.php on line 70

2021-04-23T04:33:28+00:00 CRITICAL Uncaught Error: Call to undefined function get_navbar() in C:\xampp\htdocs\wordpress\wp-content\plugins\woocommerce\templates\content-product.php:19
Stack trace:
#0 C:\xampp\htdocs\wordpress\wp-includes\template.php(732): require()
#1 C:\xampp\htdocs\wordpress\wp-content\plugins\woocommerce\includes\wc-core-functions.php(284): load_template('C:\\xampp\\htdocs...', false)
#2 C:\xampp\htdocs\wordpress\wp-content\plugins\woocommerce\includes\shortcodes\class-wc-shortcode-products.php(660): wc_get_template_part('content', 'product')
#3 C:\xampp\htdocs\wordpress\wp-content\plugins\woocommerce\includes\shortcodes\class-wc-shortcode-products.php(100): WC_Shortcode_Products->product_loop()
#4 C:\xampp\htdocs\wordpress\wp-content\plugins\woocommerce\includes\class-wc-template-loader.php(491): WC_Shortcode_Products->get_content()
#5 C:\xampp\htdocs\wordpress\wp-includes\class-wp-hook.php(292): WC_Template_Loader::unsupported_theme_shop_content_filter('')
#6 C:\xampp\htdocs\wordpress\wp-includes\plugin.php(212): WP_Hook->apply_filters('', Array)
#7 C:\xampp\htdocs\wordpress\wp-includes\post-template.php(253): apply_filters('the_content', '')
#8 C:\xampp\htdocs\wordpress\wp-content\themes\blank\template-parts\content-page.php(21): the_content()
#9 C:\xampp\htdocs\wordpress\wp-includes\template.php(732): require('C:\\xampp\\htdocs...')
#10 C:\xampp\htdocs\wordpress\wp-includes\template.php(676): load_template('C:\\xampp\\htdocs...', false, Array)
#11 C:\xampp\htdocs\wordpress\wp-includes\general-template.php(204): locate_template(Array, true, false, Array)
#12 C:\xampp\htdocs\wordpress\wp-content\themes\blank\page.php(24): get_template_part('template-parts/...', 'page')
#13 C:\xampp\htdocs\wordpress\wp-includes\template-loader.php(106): include('C:\\xampp\\htdocs...')
#14 C:\xampp\htdocs\wordpress\wp-blog-header.php(19): require_once('C:\\xampp\\htdocs...')
#15 C:\xampp\htdocs\wordpress\index.php(17): require('C:\\xampp\\htdocs...')
#16 {main}
  thrown in C:\xampp\htdocs\wordpress\wp-content\plugins\woocommerce\templates\content-product.php on line 19

2021-04-23T04:34:22+00:00 CRITICAL Uncaught Error: Call to undefined function get_navbar() in C:\xampp\htdocs\wordpress\wp-content\plugins\woocommerce\templates\content-product.php:29
Stack trace:
#0 C:\xampp\htdocs\wordpress\wp-includes\template.php(732): require()
#1 C:\xampp\htdocs\wordpress\wp-content\plugins\woocommerce\includes\wc-core-functions.php(284): load_template('C:\\xampp\\htdocs...', false)
#2 C:\xampp\htdocs\wordpress\wp-content\plugins\woocommerce\includes\shortcodes\class-wc-shortcode-products.php(660): wc_get_template_part('content', 'product')
#3 C:\xampp\htdocs\wordpress\wp-content\plugins\woocommerce\includes\shortcodes\class-wc-shortcode-products.php(100): WC_Shortcode_Products->product_loop()
#4 C:\xampp\htdocs\wordpress\wp-content\plugins\woocommerce\includes\class-wc-template-loader.php(491): WC_Shortcode_Products->get_content()
#5 C:\xampp\htdocs\wordpress\wp-includes\class-wp-hook.php(292): WC_Template_Loader::unsupported_theme_shop_content_filter('')
#6 C:\xampp\htdocs\wordpress\wp-includes\plugin.php(212): WP_Hook->apply_filters('', Array)
#7 C:\xampp\htdocs\wordpress\wp-includes\post-template.php(253): apply_filters('the_content', '')
#8 C:\xampp\htdocs\wordpress\wp-content\themes\blank\template-parts\content-page.php(21): the_content()
#9 C:\xampp\htdocs\wordpress\wp-includes\template.php(732): require('C:\\xampp\\htdocs...')
#10 C:\xampp\htdocs\wordpress\wp-includes\template.php(676): load_template('C:\\xampp\\htdocs...', false, Array)
#11 C:\xampp\htdocs\wordpress\wp-includes\general-template.php(204): locate_template(Array, true, false, Array)
#12 C:\xampp\htdocs\wordpress\wp-content\themes\blank\page.php(24): get_template_part('template-parts/...', 'page')
#13 C:\xampp\htdocs\wordpress\wp-includes\template-loader.php(106): include('C:\\xampp\\htdocs...')
#14 C:\xampp\htdocs\wordpress\wp-blog-header.php(19): require_once('C:\\xampp\\htdocs...')
#15 C:\xampp\htdocs\wordpress\index.php(17): require('C:\\xampp\\htdocs...')
#16 {main}
  thrown in C:\xampp\htdocs\wordpress\wp-content\plugins\woocommerce\templates\content-product.php on line 29

2021-04-23T04:34:54+00:00 CRITICAL Uncaught Error: Call to undefined function get_navbar() in C:\xampp\htdocs\wordpress\wp-content\plugins\woocommerce\templates\content-product.php:77
Stack trace:
#0 C:\xampp\htdocs\wordpress\wp-includes\template.php(732): require()
#1 C:\xampp\htdocs\wordpress\wp-content\plugins\woocommerce\includes\wc-core-functions.php(284): load_template('C:\\xampp\\htdocs...', false)
#2 C:\xampp\htdocs\wordpress\wp-content\plugins\woocommerce\includes\shortcodes\class-wc-shortcode-products.php(660): wc_get_template_part('content', 'product')
#3 C:\xampp\htdocs\wordpress\wp-content\plugins\woocommerce\includes\shortcodes\class-wc-shortcode-products.php(100): WC_Shortcode_Products->product_loop()
#4 C:\xampp\htdocs\wordpress\wp-content\plugins\woocommerce\includes\class-wc-template-loader.php(491): WC_Shortcode_Products->get_content()
#5 C:\xampp\htdocs\wordpress\wp-includes\class-wp-hook.php(292): WC_Template_Loader::unsupported_theme_shop_content_filter('')
#6 C:\xampp\htdocs\wordpress\wp-includes\plugin.php(212): WP_Hook->apply_filters('', Array)
#7 C:\xampp\htdocs\wordpress\wp-includes\post-template.php(253): apply_filters('the_content', '')
#8 C:\xampp\htdocs\wordpress\wp-content\themes\blank\template-parts\content-page.php(21): the_content()
#9 C:\xampp\htdocs\wordpress\wp-includes\template.php(732): require('C:\\xampp\\htdocs...')
#10 C:\xampp\htdocs\wordpress\wp-includes\template.php(676): load_template('C:\\xampp\\htdocs...', false, Array)
#11 C:\xampp\htdocs\wordpress\wp-includes\general-template.php(204): locate_template(Array, true, false, Array)
#12 C:\xampp\htdocs\wordpress\wp-content\themes\blank\page.php(24): get_template_part('template-parts/...', 'page')
#13 C:\xampp\htdocs\wordpress\wp-includes\template-loader.php(106): include('C:\\xampp\\htdocs...')
#14 C:\xampp\htdocs\wordpress\wp-blog-header.php(19): require_once('C:\\xampp\\htdocs...')
#15 C:\xampp\htdocs\wordpress\index.php(17): require('C:\\xampp\\htdocs...')
#16 {main}
  thrown in C:\xampp\htdocs\wordpress\wp-content\plugins\woocommerce\templates\content-product.php on line 77

2021-04-23T04:48:12+00:00 CRITICAL syntax error, unexpected token "<", expecting end of file in C:\xampp\htdocs\wordpress\wp-content\plugins\woocommerce\templates\content-product.php on line 84

2021-04-23T06:42:02+00:00 CRITICAL Uncaught Error: Call to undefined function get_navbar() in C:\xampp\htdocs\wordpress\wp-content\plugins\woocommerce\templates\content-product.php:2
Stack trace:
#0 C:\xampp\htdocs\wordpress\wp-includes\template.php(732): require()
#1 C:\xampp\htdocs\wordpress\wp-content\plugins\woocommerce\includes\wc-core-functions.php(284): load_template('C:\\xampp\\htdocs...', false)
#2 C:\xampp\htdocs\wordpress\wp-content\plugins\woocommerce\includes\shortcodes\class-wc-shortcode-products.php(660): wc_get_template_part('content', 'product')
#3 C:\xampp\htdocs\wordpress\wp-content\plugins\woocommerce\includes\shortcodes\class-wc-shortcode-products.php(100): WC_Shortcode_Products->product_loop()
#4 C:\xampp\htdocs\wordpress\wp-content\plugins\woocommerce\includes\class-wc-template-loader.php(491): WC_Shortcode_Products->get_content()
#5 C:\xampp\htdocs\wordpress\wp-includes\class-wp-hook.php(292): WC_Template_Loader::unsupported_theme_shop_content_filter('')
#6 C:\xampp\htdocs\wordpress\wp-includes\plugin.php(212): WP_Hook->apply_filters('', Array)
#7 C:\xampp\htdocs\wordpress\wp-includes\post-template.php(253): apply_filters('the_content', '')
#8 C:\xampp\htdocs\wordpress\wp-content\themes\blank\template-parts\content-page.php(21): the_content()
#9 C:\xampp\htdocs\wordpress\wp-includes\template.php(732): require('C:\\xampp\\htdocs...')
#10 C:\xampp\htdocs\wordpress\wp-includes\template.php(676): load_template('C:\\xampp\\htdocs...', false, Array)
#11 C:\xampp\htdocs\wordpress\wp-includes\general-template.php(204): locate_template(Array, true, false, Array)
#12 C:\xampp\htdocs\wordpress\wp-content\themes\blank\page.php(24): get_template_part('template-parts/...', 'page')
#13 C:\xampp\htdocs\wordpress\wp-includes\template-loader.php(106): include('C:\\xampp\\htdocs...')
#14 C:\xampp\htdocs\wordpress\wp-blog-header.php(19): require_once('C:\\xampp\\htdocs...')
#15 C:\xampp\htdocs\wordpress\index.php(17): require('C:\\xampp\\htdocs...')
#16 {main}
  thrown in C:\xampp\htdocs\wordpress\wp-content\plugins\woocommerce\templates\content-product.php on line 2

2021-04-23T07:08:18+00:00 CRITICAL Uncaught Error: Call to undefined function get_navbar() in C:\xampp\htdocs\wordpress\wp-content\plugins\woocommerce\templates\content-product.php:2
Stack trace:
#0 C:\xampp\htdocs\wordpress\wp-includes\template.php(732): require()
#1 C:\xampp\htdocs\wordpress\wp-content\plugins\woocommerce\includes\wc-core-functions.php(284): load_template('C:\\xampp\\htdocs...', false)
#2 C:\xampp\htdocs\wordpress\wp-content\plugins\woocommerce\includes\shortcodes\class-wc-shortcode-products.php(660): wc_get_template_part('content', 'product')
#3 C:\xampp\htdocs\wordpress\wp-content\plugins\woocommerce\includes\shortcodes\class-wc-shortcode-products.php(100): WC_Shortcode_Products->product_loop()
#4 C:\xampp\htdocs\wordpress\wp-content\plugins\woocommerce\includes\class-wc-template-loader.php(491): WC_Shortcode_Products->get_content()
#5 C:\xampp\htdocs\wordpress\wp-includes\class-wp-hook.php(292): WC_Template_Loader::unsupported_theme_shop_content_filter('')
#6 C:\xampp\htdocs\wordpress\wp-includes\plugin.php(212): WP_Hook->apply_filters('', Array)
#7 C:\xampp\htdocs\wordpress\wp-includes\post-template.php(253): apply_filters('the_content', '')
#8 C:\xampp\htdocs\wordpress\wp-content\themes\blank\template-parts\content-page.php(21): the_content()
#9 C:\xampp\htdocs\wordpress\wp-includes\template.php(732): require('C:\\xampp\\htdocs...')
#10 C:\xampp\htdocs\wordpress\wp-includes\template.php(676): load_template('C:\\xampp\\htdocs...', false, Array)
#11 C:\xampp\htdocs\wordpress\wp-includes\general-template.php(204): locate_template(Array, true, false, Array)
#12 C:\xampp\htdocs\wordpress\wp-content\themes\blank\page.php(24): get_template_part('template-parts/...', 'page')
#13 C:\xampp\htdocs\wordpress\wp-includes\template-loader.php(106): include('C:\\xampp\\htdocs...')
#14 C:\xampp\htdocs\wordpress\wp-blog-header.php(19): require_once('C:\\xampp\\htdocs...')
#15 C:\xampp\htdocs\wordpress\index.php(17): require('C:\\xampp\\htdocs...')
#16 {main}
  thrown in C:\xampp\htdocs\wordpress\wp-content\plugins\woocommerce\templates\content-product.php on line 2

